build/outputs/logs/manifest-merger-debug-report.txt
-- Merging decision tree log ---
manifest
ADDED from src/main/AndroidManifest.xml:2:1-21:12
INJECTED from src/main/AndroidManifest.xml:2:1-21:12
INJECTED from src/main/AndroidManifest.xml:2:1-21:12
INJECTED from src/main/AndroidManifest.xml:2:1-21:12
INJECTED from src/main/AndroidManifest.xml:2:1-21:12
INJECTED from src/main/AndroidManifest.xml:2:1-21:12
INJECTED from src/main/AndroidManifest.xml:2:1-21:12
	package
		ADDED from src/main/AndroidManifest.xml:4:5-28
		INJECTED from src/main/AndroidManifest.xml
		INJECTED from src/main/AndroidManifest.xml
	android:versionName
		INJECTED from src/main/AndroidManifest.xml
		ADDED from src/main/AndroidManifest.xml:2:1-21:12
		INJECTED from src/main/AndroidManifest.xml
	xmlns:tools
		ADDED from src/main/AndroidManifest.xml:3:5-51
	android:versionCode
		INJECTED from src/main/AndroidManifest.xml
		ADDED from src/main/AndroidManifest.xml:2:1-21:12
		INJECTED from src/main/AndroidManifest.xml
	xmlns:android
		ADDED from src/main/AndroidManifest.xml:2:11-69
application
ADDED from src/main/AndroidManifest.xml:6:5-19:19
	android:supportsRtl
		ADDED from src/main/AndroidManifest.xml:9:9-35
	android:allowBackup
		ADDED from src/main/AndroidManifest.xml:8:9-35
	tools:replace
		ADDED from src/main/AndroidManifest.xml:10:9-37
	android:name
		ADDED from src/main/AndroidManifest.xml:7:9-38
activity#com.yanxiu.im.business.msglist.activity.ImMsgListActivity
ADDED from src/main/AndroidManifest.xml:11:9-81
	android:name
		ADDED from src/main/AndroidManifest.xml:11:19-78
activity#com.yanxiu.im.business.photoview.activity.ImGalleryActivity
ADDED from src/main/AndroidManifest.xml:12:9-14:52
	android:theme
		ADDED from src/main/AndroidManifest.xml:14:13-49
	android:name
		ADDED from src/main/AndroidManifest.xml:13:13-74
activity#com.yanxiu.im.business.contacts.activity.ContactsActivity
ADDED from src/main/AndroidManifest.xml:15:9-17:52
	android:screenOrientation
		ADDED from src/main/AndroidManifest.xml:17:13-49
	android:name
		ADDED from src/main/AndroidManifest.xml:16:13-72
activity#com.yanxiu.im.business.msglist.activity.ImSetingActivity
ADDED from src/main/AndroidManifest.xml:18:9-89
	android:name
		ADDED from src/main/AndroidManifest.xml:18:19-77
uses-sdk
INJECTED from src/main/AndroidManifest.xml reason: use-sdk injection requested
INJECTED from src/main/AndroidManifest.xml
INJECTED from src/main/AndroidManifest.xml
INJECTED from src/main/AndroidManifest.xml
INJECTED from src/main/AndroidManifest.xml
	android:targetSdkVersion
		INJECTED from src/main/AndroidManifest.xml
		ADDED from src/main/AndroidManifest.xml
		INJECTED from src/main/AndroidManifest.xml
	android:minSdkVersion
		INJECTED from src/main/AndroidManifest.xml
		ADDED from src/main/AndroidManifest.xml
		INJECTED from src/main/AndroidManifest.xml